<?xml version="1.0" encoding="UTF-8"?>
<Site BuildName="(empty)"
	BuildStamp="20230914-0655-Experimental"
	Name="neurolab-Precision-5820-Tower"
	Generator="ctest-3.26.1"
	CompilerName="/usr/bin/c++"
	CompilerVersion="9.4.0"
	OSName="Linux"
	Hostname="neurolab-Precision-5820-Tower"
	OSRelease="5.4.0-148-generic"
	OSVersion="#165-Ubuntu SMP Tue Apr 18 08:53:12 UTC 2023"
	OSPlatform="x86_64"
	Is64Bits="1"
	VendorString="GenuineIntel"
	VendorID="Intel Corporation"
	FamilyID="6"
	ModelID="85"
	ProcessorCacheSize="16896"
	NumberOfLogicalCPU="16"
	NumberOfPhysicalCPU="8"
	TotalVirtualMemory="0"
	TotalPhysicalMemory="31793"
	LogicalProcessorsPerPhysical="2"
	ProcessorClockFrequency="4484.3"
	>
	<Testing>
		<StartDateTime>Sep 14 21:25 CEST</StartDateTime>
		<StartTestTime>1694719552</StartTestTime>
		<TestList/>
		<EndDateTime>Sep 14 21:25 CEST</EndDateTime>
		<EndTestTime>1694719552</EndTestTime>
		<ElapsedMinutes>0</ElapsedMinutes>
	</Testing>
</Site>
